0 info it worked if it ends with ok
1 verbose cli [ 'node', '/usr/local/bin/npm', 'run', 'runlocal' ]
2 info using npm@2.7.4
3 info using node@v0.12.2
4 verbose run-script [ 'prerunlocal', 'runlocal', 'postrunlocal' ]
5 info prerunlocal Jessie@0.0.2
6 info runlocal Jessie@0.0.2
7 verbose unsafe-perm in lifecycle true
8 info Jessie@0.0.2 Failed to exec runlocal script
9 verbose stack Error: Jessie@0.0.2 runlocal: `cd src/builder && ../../node_modules/nodemon/bin/nodemon app.js`
9 verbose stack Exit status 127
9 verbose stack     at EventEmitter.<anonymous> (/usr/local/lib/node_modules/npm/lib/utils/lifecycle.js:213:16)
9 verbose stack     at EventEmitter.emit (events.js:110:17)
9 verbose stack     at ChildProcess.<anonymous> (/usr/local/lib/node_modules/npm/lib/utils/spawn.js:14:12)
9 verbose stack     at ChildProcess.emit (events.js:110:17)
9 verbose stack     at maybeClose (child_process.js:1015:16)
9 verbose stack     at Process.ChildProcess._handle.onexit (child_process.js:1087:5)
10 verbose pkgid Jessie@0.0.2
11 verbose cwd /Users/adambsilver/workspace/jessie
12 error Darwin 13.4.0
13 error argv "node" "/usr/local/bin/npm" "run" "runlocal"
14 error node v0.12.2
15 error npm  v2.7.4
16 error code ELIFECYCLE
17 error Jessie@0.0.2 runlocal: `cd src/builder && ../../node_modules/nodemon/bin/nodemon app.js`
17 error Exit status 127
18 error Failed at the Jessie@0.0.2 runlocal script 'cd src/builder && ../../node_modules/nodemon/bin/nodemon app.js'.
18 error This is most likely a problem with the Jessie package,
18 error not with npm itself.
18 error Tell the author that this fails on your system:
18 error     cd src/builder && ../../node_modules/nodemon/bin/nodemon app.js
18 error You can get their info via:
18 error     npm owner ls Jessie
18 error There is likely additional logging output above.
19 verbose exit [ 1, true ]
